#
# There is insufficient memory for the Java Runtime Environment to continue.
# Native memory allocation (malloc) failed to allocate 48800 bytes for Chunk::new
# Possible reasons:
#   The system is out of physical RAM or swap space
#   The process is running with CompressedOops enabled, and the Java Heap may be blocking the growth of the native heap
# Possible solutions:
#   Reduce memory load on the system
#   Increase physical memory or swap space
#   Check if swap backing store is full
#   Decrease Java heap size (-Xmx/-Xms)
#   Decrease number of Java threads
#   Decrease Java thread stack sizes (-Xss)
#   Set larger code cache with -XX:ReservedCodeCacheSize=
#   JVM is running with Unscaled Compressed Oops mode in which the Java heap is
#     placed in the first 4GB address space. The Java Heap base address is the
#     maximum limit for the native heap growth. Please use -XX:HeapBaseMinAddress
#     to set the Java Heap base and to place the Java Heap above 4GB virtual address.
# This output file may be truncated or incomplete.
#
#  Out of Memory Error (allocation.cpp:389), pid=9488, tid=0x0000000000002fbc
#
# JRE version: OpenJDK Runtime Environment (8.0_302-b08) (build 1.8.0_302-b08)
# Java VM: OpenJDK 64-Bit Server VM (25.302-b08 mixed mode windows-amd64 compressed oops)
# Failed to write core dump. Minidumps are not enabled by default on client versions of Windows
#

---------------  T H R E A D  ---------------

Current thread (0x000002626423d000):  JavaThread "main" [_thread_in_native, id=12220, stack(0x000000a73fb00000,0x000000a73fc00000)]

Stack: [0x000000a73fb00000,0x000000a73fc00000]
[error occurred during error reporting (printing stack bounds), id 0xc0000005]

Native frames: (J=compiled Java code, j=interpreted, Vv=VM code, C=native code)

Java frames: (J=compiled Java code, j=interpreted, Vv=VM code)
j  sun.util.locale.LocaleObjectCache.<init>(IFI)V+16
j  sun.util.locale.LocaleObjectCache.<init>()V+7
j  java.util.Locale$Cache.<init>()V+1
j  java.util.Locale$Cache.<init>(Ljava/util/Locale$1;)V+1
j  java.util.Locale.<clinit>()V+21
v  ~StubRoutines::call_stub
j  java.io.WinNTFileSystem.hashCode(Ljava/io/File;)I+4
j  java.io.File.hashCode()I+4
j  java.util.HashMap.hash(Ljava/lang/Object;)I+9
j  java.util.HashMap.put(Ljava/lang/Object;Ljava/lang/Object;)Ljava/lang/Object;+2
j  sun.misc.MetaIndex.registerDirectory(Ljava/io/File;)V+178
j  sun.misc.Launcher$ExtClassLoader$1.run()Lsun/misc/Launcher$ExtClassLoader;+17
j  sun.misc.Launcher$ExtClassLoader$1.run()Ljava/lang/Object;+1
v  ~StubRoutines::call_stub
j  java.security.AccessController.doPrivileged(Ljava/security/PrivilegedExceptionAction;)Ljava/lang/Object;+0
j  sun.misc.Launcher$ExtClassLoader.createExtClassLoader()Lsun/misc/Launcher$ExtClassLoader;+7
j  sun.misc.Launcher$ExtClassLoader.getExtClassLoader()Lsun/misc/Launcher$ExtClassLoader;+17
j  sun.misc.Launcher.<init>()V+4
j  sun.misc.Launcher.<clinit>()V+15
v  ~StubRoutines::call_stub
j  java.lang.ClassLoader.initSystemClassLoader()V+22
j  java.lang.ClassLoader.getSystemClassLoader()Ljava/lang/ClassLoader;+0
v  ~StubRoutines::call_stub

---------------  P R O C E S S  ---------------

Java Threads: ( => current thread )
  0x0000026278efe800 JavaThread "Finalizer" daemon [_thread_blocked, id=9276, stack(0x000000a740200000,0x000000a740300000)]
  0x0000026279626000 JavaThread "Reference Handler" daemon [_thread_blocked, id=9412, stack(0x000000a740100000,0x000000a740200000)]
=>0x000002626423d000 JavaThread "main" [_thread_in_native, id=12220, stack(0x000000a73fb00000,0x000000a73fc00000)]

Other Threads:
  0x0000026279604800 VMThread [stack: 0x000000a740000000,0x000000a740100000] [id=12940]

VM state:not at safepoint (normal execution)

VM Mutex/Monitor currently owned by a thread: None

heap address: 0x00000000a2400000, size: 1500 MB, Compressed Oops mode: 32-bit
Narrow klass base: 0x0000000000000000, Narrow klass shift: 3
Compressed class space size: 1073741824 Address: 0x0000000100000000

Heap:
 PSYoungGen      total 28160K, used 491K [0x00000000e0c00000, 0x00000000e2b00000, 0x0000000100000000)
  eden space 24576K, 2% used [0x00000000e0c00000,0x00000000e0c7ae20,0x00000000e2400000)
  from space 3584K, 0% used [0x00000000e2780000,0x00000000e2780000,0x00000000e2b00000)
  to   space 3584K, 0% used [0x00000000e2400000,0x00000000e2400000,0x00000000e2780000)
 ParOldGen       total 64512K, used 0K [0x00000000a2400000, 0x00000000a6300000, 0x00000000e0c00000)
  object space 64512K, 0% used [0x00000000a2400000,0x00000000a2400000,0x00000000a6300000)
 Metaspace       used 1850K, capacity 4480K, committed 4480K, reserved 1056768K
  class space    used 202K, capacity 384K, committed 384K, reserved 1048576K

Card table byte_map: [0x0000026274f40000,0x0000026275230000] byte_map_base: 0x0000026274a2e000

Marking Bits: (ParMarkBitMap*) 0x0000000053521820
 Begin Bits: [0x0000026275430000, 0x0000026276ba0000)
 End Bits:   [0x0000026276ba0000, 0x0000026278310000)

Polling page: 0x0000026264310000

CodeCache: size=245760Kb used=427Kb max_used=427Kb free=245332Kb
 bounds [0x0000026265b80000, 0x0000026265df0000, 0x0000026274b80000]
 total_blobs=146 nmethods=0 adapters=112
 compilation: enabled

Compilation events (0 events):
No events

GC Heap History (0 events):
No events

Deoptimization events (0 events):
No events

Classes redefined (0 events):
No events

Internal exceptions (2 events):
Event: 0.165 Thread 0x000002626423d000 Exception <a 'java/lang/NoSuchMethodError': Method sun.misc.Unsafe.defineClass(Ljava/lang/String;[BII)Ljava/lang/Class; name or signature does not match> (0x00000000e0c08288) thrown at [C:\wsjdk\Corretto8Src\installers\windows\zip\corretto-build\buildRoot
Event: 0.165 Thread 0x000002626423d000 Exception <a 'java/lang/NoSuchMethodError': Method sun.misc.Unsafe.prefetchRead(Ljava/lang/Object;J)V name or signature does not match> (0x00000000e0c08570) thrown at [C:\wsjdk\Corretto8Src\installers\windows\zip\corretto-build\buildRoot\src\hotspot\src\s

Events (10 events):
Event: 0.426 loading class java/nio/charset/CoderResult$2 done
Event: 0.427 loading class java/lang/reflect/Array
Event: 0.427 loading class java/lang/reflect/Array done
Event: 0.427 loading class java/util/Locale
Event: 0.427 loading class java/util/Locale done
Event: 0.427 loading class java/util/Locale$Cache
Event: 0.427 loading class sun/util/locale/LocaleObjectCache
Event: 0.427 loading class sun/util/locale/LocaleObjectCache done
Event: 0.427 loading class java/util/Locale$Cache done
Event: 0.427 loading class java/util/concurrent/ConcurrentHashMap


Dynamic libraries:
0x00007ff77d320000 - 0x00007ff77d35a000 	C:\Users\chem\.jdks\corretto-1.8.0_302\bin\java.exe
0x00007ffd32e90000 - 0x00007ffd33085000 	C:\WINDOWS\SYSTEM32\ntdll.dll
0x00007ffd31080000 - 0x00007ffd3113e000 	C:\WINDOWS\System32\KERNEL32.DLL
0x00007ffd30120000 - 0x00007ffd303e8000 	C:\WINDOWS\System32\KERNELBASE.dll
0x00007ffd307e0000 - 0x00007ffd3088c000 	C:\WINDOWS\System32\ADVAPI32.dll
0x00007ffd312f0000 - 0x00007ffd3138e000 	C:\WINDOWS\System32\msvcrt.dll
0x00007ffd32800000 - 0x00007ffd3289b000 	C:\WINDOWS\System32\sechost.dll
0x00007ffd328a0000 - 0x00007ffd329ca000 	C:\WINDOWS\System32\RPCRT4.dll
0x00007ffd30e20000 - 0x00007ffd30fc1000 	C:\WINDOWS\System32\USER32.dll
0x00007ffd2ff30000 - 0x00007ffd2ff52000 	C:\WINDOWS\System32\win32u.dll
0x00007ffd312b0000 - 0x00007ffd312db000 	C:\WINDOWS\System32\GDI32.dll
0x00007ffd2ff70000 - 0x00007ffd3007b000 	C:\WINDOWS\System32\gdi32full.dll
0x00007ffd30080000 - 0x00007ffd3011d000 	C:\WINDOWS\System32\msvcp_win.dll
0x00007ffd2fbd0000 - 0x00007ffd2fcd0000 	C:\WINDOWS\System32\ucrtbase.dll
0x00007ffd209d0000 - 0x00007ffd20c6a000 	C:\WINDOWS\WinSxS\amd64_microsoft.windows.common-controls_6595b64144ccf1df_6.0.19041.1110_none_60b5254171f9507e\COMCTL32.dll
0x00007ffd30910000 - 0x00007ffd30940000 	C:\WINDOWS\System32\IMM32.DLL
0x00007ffd15e30000 - 0x00007ffd15f1f000 	C:\Users\chem\.jdks\corretto-1.8.0_302\jre\bin\msvcr120.dll
0x00007ffd13eb0000 - 0x00007ffd13f56000 	C:\Users\chem\.jdks\corretto-1.8.0_302\jre\bin\msvcp120.dll
0x0000000052d30000 - 0x00000000535a0000 	C:\Users\chem\.jdks\corretto-1.8.0_302\jre\bin\server\jvm.dll
0x00007ffd31240000 - 0x00007ffd31248000 	C:\WINDOWS\System32\PSAPI.DLL
0x00007ffd21920000 - 0x00007ffd2192a000 	C:\WINDOWS\SYSTEM32\VERSION.dll
0x00007ffd1b5e0000 - 0x00007ffd1b607000 	C:\WINDOWS\SYSTEM32\WINMM.dll
0x00007ffd1f220000 - 0x00007ffd1f229000 	C:\WINDOWS\SYSTEM32\WSOCK32.dll
0x00007ffd31c90000 - 0x00007ffd31cfb000 	C:\WINDOWS\System32\WS2_32.dll
0x00007ffd2b630000 - 0x00007ffd2b63f000 	C:\Users\chem\.jdks\corretto-1.8.0_302\jre\bin\verify.dll
0x00007ffd1e770000 - 0x00007ffd1e799000 	C:\Users\chem\.jdks\corretto-1.8.0_302\jre\bin\java.dll
0x00007ffd1e710000 - 0x00007ffd1e73a000 	C:\Users\chem\.jdks\corretto-1.8.0_302\jre\bin\instrument.dll
0x00007ffd265b0000 - 0x00007ffd265c6000 	C:\Users\chem\.jdks\corretto-1.8.0_302\jre\bin\zip.dll
0x00007ffd31fd0000 - 0x00007ffd3270f000 	C:\WINDOWS\System32\SHELL32.dll
0x00007ffd2dce0000 - 0x00007ffd2e470000 	C:\WINDOWS\SYSTEM32\windows.storage.dll
0x00007ffd31850000 - 0x00007ffd31ba5000 	C:\WINDOWS\System32\combase.dll
0x00007ffd2f550000 - 0x00007ffd2f57e000 	C:\WINDOWS\SYSTEM32\Wldp.dll
0x00007ffd30fd0000 - 0x00007ffd3107d000 	C:\WINDOWS\System32\SHCORE.dll
0x00007ffd327a0000 - 0x00007ffd327f5000 	C:\WINDOWS\System32\shlwapi.dll
0x00007ffd2fb10000 - 0x00007ffd2fb2f000 	C:\WINDOWS\SYSTEM32\profapi.dll

VM Arguments:
jvm_args: -Dmaven.multiModuleProjectDirectory=D:\InterProject1 -Dmaven.home=C:\Program Files\JetBrains\IntelliJ IDEA Educational Edition 2021.1\plugins\maven\lib\maven3 -Dclassworlds.conf=C:\Program Files\JetBrains\IntelliJ IDEA Educational Edition 2021.1\plugins\maven\lib\maven3\bin\m2.conf -Dmaven.ext.class.path=C:\Program Files\JetBrains\IntelliJ IDEA Educational Edition 2021.1\plugins\maven\lib\maven-event-listener.jar -javaagent:C:\Program Files\JetBrains\IntelliJ IDEA Educational Edition 2021.1\lib\idea_rt.jar=65294:C:\Program Files\JetBrains\IntelliJ IDEA Educational Edition 2021.1\bin -Dfile.encoding=UTF-8 
java_command: org.codehaus.classworlds.Launcher -Didea.version=2021.1 clean
java_class_path (initial): C:\Program Files\JetBrains\IntelliJ IDEA Educational Edition 2021.1\plugins\maven\lib\maven3\boot\plexus-classworlds-2.6.0.jar;C:\Program Files\JetBrains\IntelliJ IDEA Educational Edition 2021.1\plugins\maven\lib\maven3\boot\plexus-classworlds.license;C:\Program Files\JetBrains\IntelliJ IDEA Educational Edition 2021.1\lib\idea_rt.jar
Launcher Type: SUN_STANDARD

Environment Variables:
PATH=C:\Program Files (x86)\Common Files\Oracle\Java\javapath;C:\Program Files\Common Files\Oracle\Java\javapath;C:\Program Files (x86)\Common Files\Intel\Shared Files\cpp\bin\Intel64;C:\Program Files\Common Files\Microsoft Shared\Windows Live;C:\Program Files (x86)\Common Files\Microsoft Shared\Windows Live;C:\Program Files\Broadcom\Broadcom 802.11 Network Adapter\Driver;C:\Program Files (x86)\NVIDIA Corporation\PhysX\Common;C:\WINDOWS\system32;C:\WINDOWS;C:\WINDOWS\System32\Wbem;C:\WINDOWS\System32\WindowsPowerShell\v1.0\;C:\Program Files\Intel\WiFi\bin\;C:\Program Files\Common Files\Intel\WirelessCommon\;C:\Program Files (x86)\Windows Live\Shared;C:\Program Files\Calibre2\;C:\WINDOWS\System32\OpenSSH\;C:\Program Files\Git\cmd;C:\Program Files\dotnet\;C:\Program Files\Intel\WiFi\bin\;C:\Program Files\Common Files\Intel\WirelessCommon\;C:\Users\chem\AppData\Local\Microsoft\WindowsApps;C:\Users\chem\AppData\Local\GitHubDesktop\bin
USERNAME=chem
OS=Windows_NT
PROCESSOR_IDENTIFIER=Intel64 Family 6 Model 42 Stepping 7, GenuineIntel



---------------  S Y S T E M  ---------------

OS: Windows 10.0 , 64 bit Build 19041 (10.0.19041.1348)

CPU:total 4 (initial active 4) (2 cores per cpu, 2 threads per core) family 6 model 42 stepping 7, cmov, cx8, fxsr, mmx, sse, sse2, sse3, ssse3, sse4.1, sse4.2, popcnt, avx, aes, clmul, ht, tsc, tscinvbit

Memory: 4k page, physical 6139756k(152452k free), swap 7824236k(7264k free)

vm_info: OpenJDK 64-Bit Server VM (25.302-b08) for windows-amd64 JRE (1.8.0_302-b08), built on Jul 15 2021 19:37:21 by "Administrator" with MS VC++ 12.0 (VS2013)

time: Thu Dec 09 12:38:41 2021
timezone: Turkey Standard Time
elapsed time: 0.756065 seconds (0d 0h 0m 0s)

